2019/01/08 05:17:20 main.go:11: test
2019/01/08 05:17:39 main.go:11: Hello World
2019/01/08 05:44:10 main.go:11: yosei!


2019/01/10 03:56:44 main.go:11: yosei!
2019/01/10 03:56:47 main.go:11: yosei!
2019/01/10 15:18:01 bitflyer.go:56: action=doRequest,endpoint=https://api.bitflyer.com/me/getbalance
2019/01/10 15:19:39 bitflyer.go:56: action=doRequest,endpoint=https://api.bitflyer.com/me/getbalance
2019/01/10 15:19:39 bitflyer.go:56: action=doRequest,endpoint=https://api.bitflyer.com/ticker
2019/01/10 15:29:19 bitflyer.go:56: action=doRequest,endpoint=https://api.bitflyer.com/me/getbalance
2019/01/10 15:29:33 bitflyer.go:56: action=doRequest,endpoint=https://api.bitflyer.com/me/getbalance
2019/01/10 15:29:33 bitflyer.go:56: action=doRequest,endpoint=https://api.bitflyer.com/ticker
2019/01/10 15:35:12 bitflyer.go:56: action=doRequest,endpoint=https://api.bitflyer.com/v1/me/getbalance
2019/01/10 15:35:12 bitflyer.go:56: action=doRequest,endpoint=https://api.bitflyer.com/v1/ticker
2019/01/10 15:35:12 bitflyer.go:125: action=DateTime,error = parsing time "2019-01-10T15:35:00.147" as "2006-01-02T15:04:05Z07:00": cannot parse "" as "Z07:00"
2019/01/10 15:35:12 bitflyer.go:125: action=DateTime,error = parsing time "2019-01-10T15:35:00.147" as "2006-01-02T15:04:05Z07:00": cannot parse "" as "Z07:00"
2019/01/10 15:35:41 bitflyer.go:56: action=doRequest,endpoint=https://api.bitflyer.com/v1/me/getbalance
2019/01/10 15:35:42 bitflyer.go:56: action=doRequest,endpoint=https://api.bitflyer.com/v1/ticker
2019/01/10 15:35:42 bitflyer.go:125: action=DateTime,error = parsing time "2019-01-10T15:35:41.913" as "2006-01-02T15:04:05Z07:00": cannot parse "" as "Z07:00"
2019/01/10 15:35:42 bitflyer.go:125: action=DateTime,error = parsing time "2019-01-10T15:35:41.913" as "2006-01-02T15:04:05Z07:00": cannot parse "" as "Z07:00"
2019/01/10 15:41:09 bitflyer.go:57: action=doRequest,endpoint=https://api.bitflyer.com/me/getbalance
2019/01/10 15:41:10 bitflyer.go:57: action=doRequest,endpoint=https://api.bitflyer.com/ticker
2019/01/10 15:41:33 bitflyer.go:57: action=doRequest,endpoint=https://api.bitflyer.com/me/getbalance
2019/01/10 15:41:33 bitflyer.go:57: action=doRequest,endpoint=https://api.bitflyer.com/ticker
2019/01/10 15:44:49 bitflyer.go:56: action=doRequest,endpoint=https://api.bitflyer.com/me/getbalance
2019/01/10 15:44:50 bitflyer.go:56: action=doRequest,endpoint=https://api.bitflyer.com/ticker
2019/01/10 15:46:54 bitflyer.go:56: action=doRequest,endpoint=https://api.bitflyer.com/me/getbalance
2019/01/10 15:46:54 bitflyer.go:56: action=doRequest,endpoint=https://api.bitflyer.com/ticker
2019/01/10 15:49:16 bitflyer.go:56: action=doRequest,endpoint=https://api.bitflyer.com/v1/me/getbalance
2019/01/10 15:49:17 bitflyer.go:56: action=doRequest,endpoint=https://api.bitflyer.com/v1/ticker
2019/01/10 15:49:17 bitflyer.go:125: action=DateTime,error = parsing time "2019-01-10T15:49:16.977" as "2006-01-02T15:04:05Z07:00": cannot parse "" as "Z07:00"
2019/01/10 15:49:17 bitflyer.go:125: action=DateTime,error = parsing time "2019-01-10T15:49:16.977" as "2006-01-02T15:04:05Z07:00": cannot parse "" as "Z07:00"
2019/01/10 16:05:40 bitflyer.go:165: connecting to wss://ws.lightstream.bitflyer.com/json-rpc
2019/01/10 16:09:38 bitflyer.go:165: connecting to wss://ws.lightstream.bitflyer.com/json-rpc
2019/01/10 16:14:38 bitflyer.go:165: connecting to wss://ws.lightstream.bitflyer.com/json-rpc
2019/01/10 16:15:39 bitflyer.go:183: read: websocket: close 1006 (abnormal closure): unexpected EOF
2019/01/10 16:21:34 bitflyer.go:212: connecting to wss://ws.lightstream.bitflyer.com/json-rpc
2019/01/10 16:22:04 bitflyer.go:212: connecting to wss://ws.lightstream.bitflyer.com/json-rpc
2019/01/10 16:22:18 bitflyer.go:212: connecting to wss://ws.lightstream.bitflyer.com/json-rpc
2019/01/10 16:23:18 bitflyer.go:230: read: websocket: close 1006 (abnormal closure): unexpected EOF
2019/01/12 04:23:17 bitflyer.go:212: connecting to wss://ws.lightstream.bitflyer.com/json-rpc
2019/01/12 07:30:31 bitflyer.go:212: connecting to wss://ws.lightstream.bitflyer.com/json-rpc
2019/01/12 07:31:31 bitflyer.go:230: read: websocket: close 1006 (abnormal closure): unexpected EOF
2019/01/12 07:43:30 bitflyer.go:212: connecting to wss://ws.lightstream.bitflyer.com/json-rpc
2019/01/12 07:44:30 bitflyer.go:230: read: websocket: close 1006 (abnormal closure): unexpected EOF
2019/01/12 08:05:29 bitflyer.go:165: connecting to wss://ws.lightstream.bitflyer.com/json-rpc
2019/01/12 08:06:30 bitflyer.go:183: read: websocket: close 1006 (abnormal closure): unexpected EOF
2019/01/12 08:23:10 bitflyer.go:57: action=doRequest endpoint=https://api.bitflyer.com/v1/ticker
2019/01/12 08:40:24 bitflyer.go:165: connecting to wss://ws.lightstream.bitflyer.com/json-rpc
2019/01/12 08:40:48 bitflyer.go:165: connecting to wss://ws.lightstream.bitflyer.com/json-rpc
2019/01/15 04:42:43 bitflyer.go:165: connecting to wss://ws.lightstream.bitflyer.com/json-rpc
2019/01/15 08:51:17 bitflyer.go:165: connecting to wss://ws.lightstream.bitflyer.com/json-rpc
2019/01/15 08:52:18 bitflyer.go:183: read: websocket: close 1006 (abnormal closure): unexpected EOF
2019/01/16 10:37:34 bitflyer.go:165: connecting to wss://ws.lightstream.bitflyer.com/json-rpc
2019/01/16 10:38:37 bitflyer.go:165: connecting to wss://ws.lightstream.bitflyer.com/json-rpc
2019/01/16 10:39:38 bitflyer.go:183: read: websocket: close 1006 (abnormal closure): unexpected EOF
2019/01/16 11:00:31 bitflyer.go:165: connecting to wss://ws.lightstream.bitflyer.com/json-rpc
2019/01/16 11:01:09 bitflyer.go:165: connecting to wss://ws.lightstream.bitflyer.com/json-rpc
2019/01/16 11:04:09 bitflyer.go:165: connecting to wss://ws.lightstream.bitflyer.com/json-rpc
connecting to wss://ws.lightstream.bitflyer.com/json-rpc
read: websocket: close 1006 (abnormal closure): unexpected EOF
2019/01/16 11:26:36 bitflyer.go:212: connecting to wss://ws.lightstream.bitflyer.com/json-rpc
2019/01/16 11:32:10 bitflyer.go:212: connecting to wss://ws.lightstream.bitflyer.com/json-rpc
2019/01/27 04:22:20 bitflyer.go:211: connecting to wss://ws.lightstream.bitflyer.com/json-rpc
2019/01/27 04:22:20 streamdata.go:15: action=StreamIngestionData, {BTC_JPY 2019-01-27T04:22:20.5670115Z 23592326 389310 389488 2.38050299 0.11 1661.24122262 1801.99658151 389319 3157.71494459 3157.71494459}
2019/01/27 04:22:20 streamdata.go:15: action=StreamIngestionData, {BTC_JPY 2019-01-27T04:22:20.5826254Z 23592327 389310 389488 2.38050299 0.11 1661.74122275 1801.99658151 389319 3157.71494459 3157.71494459}
2019/01/27 04:22:20 streamdata.go:15: action=StreamIngestionData, {BTC_JPY 2019-01-27T04:22:20.8170263Z 23592328 389310 389488 2.38050299 0.11 1661.74122275 1802.22558151 389319 3157.71494459 3157.71494459}
2019/01/27 04:22:21 streamdata.go:15: action=StreamIngestionData, {BTC_JPY 2019-01-27T04:22:20.9420153Z 23592330 389310 389488 2.38050299 0.11 1661.94122277 1802.22558151 389319 3157.71494459 3157.71494459}
2019/01/27 04:22:21 streamdata.go:15: action=StreamIngestionData, {BTC_JPY 2019-01-27T04:22:21.0513866Z 23592331 389310 389488 2.38050299 0.11 1661.94122277 1802.07558151 389319 3157.71494459 3157.71494459}
2019/01/27 04:22:21 streamdata.go:15: action=StreamIngestionData, {BTC_JPY 2019-01-27T04:22:21.176388Z 23592333 389310 389488 2.38050299 0.11 1661.94122277 1801.94558151 389319 3157.71494459 3157.71494459}
2019/01/27 04:22:21 streamdata.go:15: action=StreamIngestionData, {BTC_JPY 2019-01-27T04:22:21.191986Z 23592334 389310 389488 2.38050299 0.11 1661.94122277 1802.03558151 389319 3157.71494459 3157.71494459}
2019/01/27 04:22:21 streamdata.go:15: action=StreamIngestionData, {BTC_JPY 2019-01-27T04:22:21.3170324Z 23592336 389310 389488 2.38050299 0.11 1663.78322277 1802.07558151 389319 3157.71494459 3157.71494459}
2019/01/27 04:22:21 streamdata.go:15: action=StreamIngestionData, {BTC_JPY 2019-01-27T04:22:21.4420491Z 23592340 389310 389488 2.38050299 0.11 1665.95228278 1802.07558151 389319 3157.71494459 3157.71494459}
2019/01/27 04:22:21 streamdata.go:15: action=StreamIngestionData, {BTC_JPY 2019-01-27T04:22:21.5513932Z 23592341 389310 389488 2.38050299 0.11 1669.37828278 1802.07558151 389319 3157.71494459 3157.71494459}
2019/01/27 04:22:21 streamdata.go:15: action=StreamIngestionData, {BTC_JPY 2019-01-27T04:22:21.6763991Z 23592343 389310 389489 2.38050299 0.13 1675.84528278 1801.96558151 389319 3157.71494459 3157.71494459}
2019/01/27 04:22:21 streamdata.go:15: action=StreamIngestionData, {BTC_JPY 2019-01-27T04:22:21.8171136Z 23592346 389310 389488 2.38050299 0.11 1666.34622277 1802.07558151 389319 3157.71494459 3157.71494459}
2019/01/27 04:22:22 streamdata.go:15: action=StreamIngestionData, {BTC_JPY 2019-01-27T04:22:21.9263822Z 23592349 389310 389488 2.38050299 0.11 1674.75928278 1802.07558151 389319 3157.71494459 3157.71494459}
2019/01/27 04:22:22 streamdata.go:15: action=StreamIngestionData, {BTC_JPY 2019-01-27T04:22:22.2701155Z 23592352 389310 389488 2.38050299 0.11 1670.31628278 1802.03558151 389319 3157.71494459 3157.71494459}
2019/01/27 04:22:22 streamdata.go:15: action=StreamIngestionData, {BTC_JPY 2019-01-27T04:22:22.3952041Z 23592353 389310 389488 2.38050299 0.15 1670.31628278 1802.07558151 389319 3157.71494459 3157.71494459}
2019/01/27 04:22:22 streamdata.go:15: action=StreamIngestionData, {BTC_JPY 2019-01-27T04:22:22.4107899Z 23592354 389310 389488 2.38050299 0.15 1670.31628278 1801.98558151 389319 3157.71494459 3157.71494459}
2019/01/27 04:22:22 streamdata.go:15: action=StreamIngestionData, {BTC_JPY 2019-01-27T04:22:22.5357522Z 23592355 389310 389488 2.38050299 0.15 1670.31628278 1802.07558151 389319 3157.71494459 3157.71494459}
2019/01/27 04:22:22 streamdata.go:15: action=StreamIngestionData, {BTC_JPY 2019-01-27T04:22:22.6451707Z 23592356 389310 389488 2.38050299 0.15 1665.91528278 1802.07558151 389319 3157.71494459 3157.71494459}
2019/01/27 04:22:22 streamdata.go:15: action=StreamIngestionData, {BTC_JPY 2019-01-27T04:22:22.8795067Z 23592357 389310 389488 2.38050299 0.04 1665.91528278 1801.96558151 389319 3157.71494459 3157.71494459}
2019/01/27 04:22:23 streamdata.go:15: action=StreamIngestionData, {BTC_JPY 2019-01-27T04:22:22.8951449Z 23592358 389310 389488 2.38050299 0.04 1665.91528278 1802.07558151 389319 3157.71494459 3157.71494459}
2019/01/27 04:22:23 streamdata.go:15: action=StreamIngestionData, {BTC_JPY 2019-01-27T04:22:23.0045078Z 23592359 389310 389488 2.38050299 0.04 1665.41528265 1802.07558151 389319 3157.71494459 3157.71494459}
2019/01/27 04:22:23 streamdata.go:15: action=StreamIngestionData, {BTC_JPY 2019-01-27T04:22:23.317018Z 23592361 389310 389488 2.38050299 0.04 1665.79520287 1802.07558151 389319 3157.71494459 3157.71494459}
2019/01/27 04:22:23 streamdata.go:15: action=StreamIngestionData, {BTC_JPY 2019-01-27T04:22:23.4263807Z 23592363 389310 389489 2.38050299 0.2 1665.79520287 1802.18558151 389319 3157.41494459 3157.41494459}
2019/01/27 04:22:23 streamdata.go:15: action=StreamIngestionData, {BTC_JPY 2019-01-27T04:22:23.5523259Z 23592364 389310 389489 2.38050299 0.2 1665.79520287 1801.98558151 389319 3157.41494459 3157.41494459}
2019/01/27 04:22:23 streamdata.go:15: action=StreamIngestionData, {BTC_JPY 2019-01-27T04:22:23.5670459Z 23592367 389310 389488 2.38050299 0.04 1665.29520287 1801.52558151 389319 3157.41494459 3157.41494459}
2019/01/27 04:22:23 streamdata.go:15: action=StreamIngestionData, {BTC_JPY 2019-01-27T04:22:23.6763838Z 23592369 389310 389488 2.38050299 0.04 1665.24526288 1801.52558151 389319 3157.41494459 3157.41494459}
2019/01/27 04:22:23 streamdata.go:15: action=StreamIngestionData, {BTC_JPY 2019-01-27T04:22:23.8170512Z 23592371 389310 389488 2.38050299 0.04 1665.24526288 1801.52558151 389319 3157.41494459 3157.41494459}
2019/01/27 04:22:24 streamdata.go:15: action=StreamIngestionData, {BTC_JPY 2019-01-27T04:22:23.9264124Z 23592372 389310 389488 2.38050299 0.04 1665.24526288 1801.41558151 389319 3157.41494459 3157.41494459}
2019/01/27 04:22:24 streamdata.go:15: action=StreamIngestionData, {BTC_JPY 2019-01-27T04:22:24.0670624Z 23592374 389310 389488 2.38050299 0.04 1665.01626288 1801.52558151 389319 3157.41494459 3157.41494459}
2019/01/27 04:22:24 streamdata.go:15: action=StreamIngestionData, {BTC_JPY 2019-01-27T04:22:24.2858087Z 23592375 389310 389488 2.38050299 0.04 1664.51626275 1801.52558151 389319 3157.41494459 3157.41494459}
2019/01/27 04:22:24 streamdata.go:15: action=StreamIngestionData, {BTC_JPY 2019-01-27T04:22:24.5358028Z 23592378 389310 389488 2.38050299 0.04 1665.03371839 1801.29658151 389319 3157.41494459 3157.41494459}
2019/01/27 04:22:24 streamdata.go:15: action=StreamIngestionData, {BTC_JPY 2019-01-27T04:22:24.6451865Z 23592380 389310 389488 2.38050299 0.04 1665.03371839 1801.29658151 389319 3157.41494459 3157.41494459}
2019/01/27 04:22:25 streamdata.go:15: action=StreamIngestionData, {BTC_JPY 2019-01-27T04:22:24.9889357Z 23592381 389310 389488 2.38050299 0.04 1664.03371826 1801.29658151 389319 3157.41494459 3157.41494459}
2019/01/27 04:22:25 streamdata.go:15: action=StreamIngestionData, {BTC_JPY 2019-01-27T04:22:25.1139384Z 23592383 389310 389488 2.38050299 0.04 1664.03371826 1801.09658151 389319 3157.41494459 3157.41494459}
2019/01/27 04:22:25 streamdata.go:15: action=StreamIngestionData, {BTC_JPY 2019-01-27T04:22:25.1451919Z 23592386 389310 389488 2.38050299 0.24 1664.27871826 1801.29658151 389319 3157.41494459 3157.41494459}
2019/01/27 04:22:25 streamdata.go:15: action=StreamIngestionData, {BTC_JPY 2019-01-27T04:22:25.3639133Z 23592387 389310 389488 2.38050299 0.24 1665.27871839 1801.29658151 389319 3157.41494459 3157.41494459}
2019/01/27 04:22:25 streamdata.go:15: action=StreamIngestionData, {BTC_JPY 2019-01-27T04:22:25.5982975Z 23592388 389310 389488 2.38050299 0.24 1665.27871839 1801.44658151 389319 3157.41494459 3157.41494459}
2019/01/27 04:22:25 streamdata.go:15: action=StreamIngestionData, {BTC_JPY 2019-01-27T04:22:25.8326809Z 23592389 389310 389488 2.38050299 0.24 1665.27871839 1801.69158151 389319 3157.41494459 3157.41494459}
2019/01/27 04:22:26 streamdata.go:15: action=StreamIngestionData, {BTC_JPY 2019-01-27T04:22:25.9420499Z 23592390 389310 389487 2.38050299 0.5 1665.27871839 1802.19158151 389319 3157.41494459 3157.41494459}
2019/01/27 04:22:26 streamdata.go:15: action=StreamIngestionData, {BTC_JPY 2019-01-27T04:22:26.0826977Z 23592395 389310 389487 2.38050299 0.54 1665.97871839 1802.39158151 389319 3157.21494459 3157.21494459}
2019/01/27 04:22:26 streamdata.go:15: action=StreamIngestionData, {BTC_JPY 2019-01-27T04:22:26.1920911Z 23592396 389310 389487 2.38050299 0.54 1665.97871839 1802.28158151 389319 3157.21494459 3157.21494459}
2019/01/27 04:22:26 streamdata.go:15: action=StreamIngestionData, {BTC_JPY 2019-01-27T04:22:26.3483029Z 23592397 389310 389486 2.38050299 0.11 1665.97871839 1802.39158151 389319 3157.21494459 3157.21494459}
2019/01/27 04:22:26 streamdata.go:15: action=StreamIngestionData, {BTC_JPY 2019-01-27T04:22:26.4420584Z 23592400 389310 389486 2.38050299 0.11 1666.21583841 1802.30158151 389319 3157.21494459 3157.21494459}
2019/01/27 04:22:26 streamdata.go:15: action=StreamIngestionData, {BTC_JPY 2019-01-27T04:22:26.5827055Z 23592401 389310 389486 2.38050299 0.11 1666.21583841 1802.39158151 389319 3157.21494459 3157.21494459}
2019/01/27 04:22:26 streamdata.go:15: action=StreamIngestionData, {BTC_JPY 2019-01-27T04:22:26.8170592Z 23592402 389310 389486 2.38050299 0.11 1666.36589842 1802.39158151 389319 3157.21494459 3157.21494459}
2019/01/27 04:22:26 streamdata.go:15: action=StreamIngestionData, {BTC_JPY 2019-01-27T04:22:26.9264365Z 23592404 389310 389486 2.38050299 0.11 1664.16589842 1802.54158151 389319 3157.21494459 3157.21494459}
2019/01/27 04:22:27 streamdata.go:15: action=StreamIngestionData, {BTC_JPY 2019-01-27T04:22:27.0671077Z 23592405 389310 389486 2.38050299 0.11 1664.16589842 1802.69158151 389319 3157.21494459 3157.21494459}
2019/01/27 04:22:27 streamdata.go:15: action=StreamIngestionData, {BTC_JPY 2019-01-27T04:22:27.2858552Z 23592407 389310 389487 2.38050299 0.5 1664.16589842 1802.54158151 389319 3157.21494459 3157.21494459}
2019/01/27 04:22:27 streamdata.go:15: action=StreamIngestionData, {BTC_JPY 2019-01-27T04:22:27.4108448Z 23592408 389310 389486 2.38050299 0.04 1664.16589842 1802.58158151 389319 3157.21494459 3157.21494459}
2019/01/27 04:22:27 streamdata.go:15: action=StreamIngestionData, {BTC_JPY 2019-01-27T04:22:27.4264526Z 23592409 389310 389486 2.38050299 0.15 1664.16589842 1802.69158151 389319 3157.21494459 3157.21494459}
2019/01/27 04:22:27 streamdata.go:15: action=StreamIngestionData, {BTC_JPY 2019-01-27T04:22:27.7545962Z 23592411 389310 389486 2.38050299 0.15 1664.01583841 1802.60158151 389319 3157.21494459 3157.21494459}
2019/01/27 04:22:27 streamdata.go:15: action=StreamIngestionData, {BTC_JPY 2019-01-27T04:22:27.8796021Z 23592412 389310 389486 2.38050299 0.24 1664.01583841 1802.69158151 389319 3157.21494459 3157.21494459}
2019/01/27 04:22:28 streamdata.go:15: action=StreamIngestionData, {BTC_JPY 2019-01-27T04:22:28.1452203Z 23592413 389310 389486 2.38050299 0.24 1664.13591832 1802.69158151 389319 3157.21494459 3157.21494459}
2019/01/27 04:22:28 streamdata.go:15: action=StreamIngestionData, {BTC_JPY 2019-01-27T04:22:28.3483319Z 23592414 389310 389486 2.38050299 0.24 1663.98585831 1802.69158151 389319 3157.21494459 3157.21494459}
2019/01/27 04:22:28 streamdata.go:15: action=StreamIngestionData, {BTC_JPY 2019-01-27T04:22:28.5202219Z 23592417 389310 389486 2.38050299 0.13 1663.98585831 1802.56458151 389319 3156.91494459 3156.91494459}
2019/01/27 04:22:28 streamdata.go:15: action=StreamIngestionData, {BTC_JPY 2019-01-27T04:22:28.6296082Z 23592419 389310 389485 2.38050299 0.11 1663.98585831 1802.63458151 389319 3156.91494459 3156.91494459}
2019/01/27 04:22:28 streamdata.go:15: action=StreamIngestionData, {BTC_JPY 2019-01-27T04:22:28.7702108Z 23592420 389310 389485 2.38050299 0.11 1663.98585831 1802.67458151 389319 3156.91494459 3156.91494459}
2019/01/27 04:22:28 streamdata.go:15: action=StreamIngestionData, {BTC_JPY 2019-01-27T04:22:28.8795963Z 23592423 389310 389485 2.38050299 0.11 1663.54085829 1802.67458151 389319 3156.91494459 3156.91494459}
2019/01/27 04:22:29 streamdata.go:15: action=StreamIngestionData, {BTC_JPY 2019-01-27T04:22:29.1139962Z 23592424 389310 389485 2.38050299 0.11 1663.54085829 1802.58458151 389319 3156.91494459 3156.91494459}
2019/01/27 04:22:29 streamdata.go:15: action=StreamIngestionData, {BTC_JPY 2019-01-27T04:22:29.2389555Z 23592426 389310 389485 2.38050299 0.2 1662.54085816 1802.67458151 389319 3156.91494459 3156.91494459}
2019/01/27 04:22:29 streamdata.go:15: action=StreamIngestionData, {BTC_JPY 2019-01-27T04:22:29.4733684Z 23592427 389310 389485 2.38050299 0.2 1662.54085816 1802.42958151 389319 3156.91494459 3156.91494459}
2019/01/27 04:22:29 streamdata.go:15: action=StreamIngestionData, {BTC_JPY 2019-01-27T04:22:29.6139908Z 23592430 389310 389485 2.38050299 0.2 1663.54085829 1802.42958151 389319 3156.91494459 3156.91494459}
2019/01/27 04:22:29 streamdata.go:15: action=StreamIngestionData, {BTC_JPY 2019-01-27T04:22:29.8483519Z 23592432 389310 389485 2.38050299 0.2 1663.74085831 1802.42958151 389319 3156.91494459 3156.91494459}
2019/01/27 04:22:30 streamdata.go:15: action=StreamIngestionData, {BTC_JPY 2019-01-27T04:22:29.8639951Z 23592433 389310 389485 2.38050299 0.2 1663.96585831 1802.42958151 389319 3156.91494459 3156.91494459}
2019/01/27 04:22:30 streamdata.go:15: action=StreamIngestionData, {BTC_JPY 2019-01-27T04:22:30.0671236Z 23592437 389310 389485 2.38050299 0.2 1663.26585831 1801.72958151 389319 3156.91494459 3156.91494459}
2019/01/27 04:22:30 streamdata.go:15: action=StreamIngestionData, {BTC_JPY 2019-01-27T04:22:30.1921328Z 23592438 389310 389485 2.38050299 0.2 1663.26585831 1801.95458151 389319 3156.91494459 3156.91494459}
2019/01/27 04:22:30 streamdata.go:15: action=StreamIngestionData, {BTC_JPY 2019-01-27T04:22:30.5358815Z 23592439 389310 389485 2.38050299 0.11 1663.26585831 1801.86458151 389319 3156.91494459 3156.91494459}
2019/01/27 04:22:30 streamdata.go:15: action=StreamIngestionData, {BTC_JPY 2019-01-27T04:22:30.692116Z 23592442 389310 389485 2.38050299 0.2 1663.26585831 1791.56758151 389319 3156.91494459 3156.91494459}
2019/01/27 04:22:30 streamdata.go:15: action=StreamIngestionData, {BTC_JPY 2019-01-27T04:22:30.8171173Z 23592446 389310 389485 2.38050299 0.2 1663.06585829 1793.92258151 389319 3156.91494459 3156.91494459}
2019/01/27 04:22:31 streamdata.go:15: action=StreamIngestionData, {BTC_JPY 2019-01-27T04:22:30.9421446Z 23592448 389310 389485 2.38050299 0.2 1665.26585829 1796.04958151 389319 3156.91494459 3156.91494459}
2019/01/27 04:22:31 streamdata.go:15: action=StreamIngestionData, {BTC_JPY 2019-01-27T04:22:31.0672012Z 23592449 389310 389485 2.38050299 0.2 1665.26585829 1798.43858151 389319 3156.91494459 3156.91494459}
2019/01/27 04:22:31 streamdata.go:15: action=StreamIngestionData, {BTC_JPY 2019-01-27T04:22:31.629611Z 23592450 389310 389485 2.38050299 0.11 1665.26585829 1798.34858151 389319 3156.91494459 3156.91494459}
2019/01/27 04:22:31 streamdata.go:15: action=StreamIngestionData, {BTC_JPY 2019-01-27T04:22:31.7546129Z 23592452 389310 389485 2.38050299 0.2 1664.76585816 1798.43858151 389319 3156.91494459 3156.91494459}
2019/01/27 04:22:31 streamdata.go:15: action=StreamIngestionData, {BTC_JPY 2019-01-27T04:22:31.8952411Z 23592453 389310 389485 2.38050299 0.2 1664.86585817 1798.43858151 389319 3156.91494459 3156.91494459}
2019/01/27 04:22:32 streamdata.go:15: action=StreamIngestionData, {BTC_JPY 2019-01-27T04:22:31.9108677Z 23592455 389310 389485 2.38050299 0.2 1665.46585831 1798.43858151 389319 3156.91494459 3156.91494459}
2019/01/27 04:22:32 streamdata.go:15: action=StreamIngestionData, {BTC_JPY 2019-01-27T04:22:32.0358722Z 23592459 389310 389484 2.38050299 0.5 1666.16585831 1799.13858151 389319 3156.91494459 3156.91494459}
2019/01/27 04:22:32 streamdata.go:15: action=StreamIngestionData, {BTC_JPY 2019-01-27T04:22:32.1296181Z 23592460 389310 389484 2.38050299 0.5 1666.16585831 1799.09858151 389319 3156.91494459 3156.91494459}
2019/01/27 04:22:32 streamdata.go:15: action=StreamIngestionData, {BTC_JPY 2019-01-27T04:22:32.3639952Z 23592462 389310 389484 2.38050299 0.5 1665.24485831 1799.09858151 389319 3156.91494459 3156.91494459}
2019/01/27 04:22:32 streamdata.go:15: action=StreamIngestionData, {BTC_JPY 2019-01-27T04:22:32.4890087Z 23592464 389310 389484 2.38050299 0.5 1666.85685831 1799.09858151 389319 3156.91494459 3156.91494459}
2019/01/27 04:22:32 streamdata.go:15: action=StreamIngestionData, {BTC_JPY 2019-01-27T04:22:32.6140373Z 23592466 389310 389484 2.38050299 0.5 1655.39285831 1799.09858151 389319 3156.91494459 3156.91494459}
2019/01/27 04:22:32 streamdata.go:15: action=StreamIngestionData, {BTC_JPY 2019-01-27T04:22:32.6296344Z 23592467 389310 389484 2.38050299 0.5 1655.39285831 1798.98858151 389319 3156.91494459 3156.91494459}
2019/01/27 04:22:32 streamdata.go:15: action=StreamIngestionData, {BTC_JPY 2019-01-27T04:22:32.7546631Z 23592470 389310 389484 2.38050299 0.5 1664.78385831 1799.00858151 389319 3156.91494459 3156.91494459}
2019/01/27 04:22:33 streamdata.go:15: action=StreamIngestionData, {BTC_JPY 2019-01-27T04:22:32.910909Z 23592474 389310 389484 2.38050299 0.5 1648.04885831 1799.09858151 389319 3156.91494459 3156.91494459}
2019/01/27 04:22:33 streamdata.go:15: action=StreamIngestionData, {BTC_JPY 2019-01-27T04:22:33.020283Z 23592477 389310 389484 2.38050299 0.5 1656.95885831 1799.09858151 389319 3156.91494459 3156.91494459}
2019/01/27 04:22:33 streamdata.go:15: action=StreamIngestionData, {BTC_JPY 2019-01-27T04:22:33.1608891Z 23592481 389310 389483 2.38050299 0.04 1663.16985831 1799.14658151 389319 3156.91494459 3156.91494459}
2019/01/27 04:22:33 streamdata.go:15: action=StreamIngestionData, {BTC_JPY 2019-01-27T04:22:33.3796622Z 23592484 389310 389483 2.38050299 0.04 1657.95785831 1799.14658151 389319 3156.91494459 3156.91494459}
2019/01/27 04:22:33 streamdata.go:15: action=StreamIngestionData, {BTC_JPY 2019-01-27T04:22:33.5046436Z 23592486 389310 389483 2.38050299 0.04 1663.52785831 1799.14658151 389319 3156.91494459 3156.91494459}
2019/01/27 04:22:33 streamdata.go:15: action=StreamIngestionData, {BTC_JPY 2019-01-27T04:22:33.7390249Z 23592488 389310 389483 2.38050299 0.04 1662.52785818 1799.03658151 389319 3156.61494459 3156.61494459}
2019/01/27 04:22:33 streamdata.go:15: action=StreamIngestionData, {BTC_JPY 2019-01-27T04:22:33.8640188Z 23592489 389310 389483 2.38050299 0.15 1662.52785818 1799.14658151 389319 3156.61494459 3156.61494459}
2019/01/27 04:22:34 streamdata.go:15: action=StreamIngestionData, {BTC_JPY 2019-01-27T04:22:33.9890542Z 23592490 389310 389483 2.38050299 0.15 1662.52785818 1799.05658151 389319 3156.61494459 3156.61494459}
2019/01/27 04:22:34 streamdata.go:15: action=StreamIngestionData, {BTC_JPY 2019-01-27T04:22:34.0046417Z 23592492 389310 389483 2.38050299 0.24 1663.52785831 1799.14658151 389319 3156.61494459 3156.61494459}
2019/01/27 04:22:34 streamdata.go:15: action=StreamIngestionData, {BTC_JPY 2019-01-27T04:22:34.4890749Z 23592494 389310 389483 2.38050299 0.2 1663.52785831 1798.88158151 389319 3156.60494459 3156.60494459}
2019/01/27 04:22:34 streamdata.go:15: action=StreamIngestionData, {BTC_JPY 2019-01-27T04:22:34.5046583Z 23592495 389310 389482 2.38050299 0.04 1663.52785831 1798.92158151 389319 3156.60494459 3156.60494459}
2019/01/27 04:22:34 streamdata.go:15: action=StreamIngestionData, {BTC_JPY 2019-01-27T04:22:34.9265394Z 23592496 389310 389482 2.38050299 0.04 1663.52785831 1798.81158151 389319 3156.60494459 3156.60494459}
2019/01/27 04:22:35 streamdata.go:15: action=StreamIngestionData, {BTC_JPY 2019-01-27T04:22:35.0515618Z 23592497 389310 389482 2.38050299 0.15 1663.52785831 1798.92158151 389319 3156.60494459 3156.60494459}
2019/01/27 04:22:35 streamdata.go:15: action=StreamIngestionData, {BTC_JPY 2019-01-27T04:22:35.0671711Z 23592499 389310 389482 2.38050299 0.15 1663.76485831 1798.83158151 389319 3156.60494459 3156.60494459}
2019/01/27 04:22:35 streamdata.go:15: action=StreamIngestionData, {BTC_JPY 2019-01-27T04:22:35.1921753Z 23592500 389310 389482 2.38050299 0.15 1663.76485831 1798.92158151 389319 3156.60494459 3156.60494459}
2019/01/27 04:22:35 streamdata.go:15: action=StreamIngestionData, {BTC_JPY 2019-01-27T04:22:35.5359284Z 23592501 389314 389482 0.87 0.15 1664.63485831 1798.92158151 389319 3156.60494459 3156.60494459}
2019/01/27 04:22:35 streamdata.go:15: action=StreamIngestionData, {BTC_JPY 2019-01-27T04:22:35.7703173Z 23592502 389314 389482 0.87 0.15 1664.63485831 1799.15858151 389319 3156.60494459 3156.60494459}
2019/01/27 04:22:36 streamdata.go:15: action=StreamIngestionData, {BTC_JPY 2019-01-27T04:22:35.8797268Z 23592504 389314 389482 0.87 0.11 1664.63485831 1799.15858151 389319 3156.60494459 3156.60494459}
2019/01/27 04:22:36 streamdata.go:15: action=StreamIngestionData, {BTC_JPY 2019-01-27T04:22:36.004704Z 23592506 389314 389483 0.87 0.13 1663.63485818 1799.04858151 389319 3156.60494459 3156.60494459}
2019/01/27 04:22:36 streamdata.go:15: action=StreamIngestionData, {BTC_JPY 2019-01-27T04:22:36.1297002Z 23592510 389314 389483 0.87 0.13 1662.93485818 1798.34858151 389319 3156.60494459 3156.60494459}
2019/01/27 04:22:36 streamdata.go:15: action=StreamIngestionData, {BTC_JPY 2019-01-27T04:22:36.2702964Z 23592513 389314 389482 0.87 0.09 1663.93485831 1798.34858151 389319 3156.60494459 3156.60494459}
2019/01/27 04:22:36 streamdata.go:15: action=StreamIngestionData, {BTC_JPY 2019-01-27T04:22:36.3796722Z 23592514 389314 389482 0.87 0.09 1663.93485831 1798.45858151 389319 3156.60494459 3156.60494459}
2019/01/27 04:22:37 streamdata.go:15: action=StreamIngestionData, {BTC_JPY 2019-01-27T04:22:37.1609672Z 23592515 389314 389482 0.87 0.09 1663.93485831 1798.41858151 389319 3156.60494459 3156.60494459}
2019/01/27 04:22:37 streamdata.go:15: action=StreamIngestionData, {BTC_JPY 2019-01-27T04:22:37.1765969Z 23592516 389314 389482 0.87 0.13 1663.93485831 1798.45858151 389319 3156.60494459 3156.60494459}
2019/01/27 04:22:37 streamdata.go:15: action=StreamIngestionData, {BTC_JPY 2019-01-27T04:22:37.39532Z 23592518 389314 389482 0.87 0.04 1663.93485831 1798.25858151 389319 3156.60494459 3156.60494459}
2019/01/27 04:22:37 streamdata.go:15: action=StreamIngestionData, {BTC_JPY 2019-01-27T04:22:37.4109423Z 23592519 389314 389482 0.87 0.04 1663.93485831 1798.34858151 389319 3156.60494459 3156.60494459}
2019/01/27 04:22:37 streamdata.go:15: action=StreamIngestionData, {BTC_JPY 2019-01-27T04:22:37.5203469Z 23592520 389314 389482 0.87 0.04 1663.93485831 1798.45858151 389319 3156.60494459 3156.60494459}
2019/01/27 04:22:38 streamdata.go:15: action=StreamIngestionData, {BTC_JPY 2019-01-27T04:22:37.9890799Z 23592522 389314 389482 0.87 0.04 1664.43485831 1798.95858151 389319 3156.60494459 3156.60494459}
2019/01/27 04:22:38 streamdata.go:15: action=StreamIngestionData, {BTC_JPY 2019-01-27T04:22:38.0984923Z 23592524 389314 389482 0.87 0.04 1664.43485831 1798.15858138 389319 3156.60494459 3156.60494459}
2019/01/27 04:22:38 streamdata.go:15: action=StreamIngestionData, {BTC_JPY 2019-01-27T04:22:38.2391151Z 23592525 389314 389482 0.87 0.04 1664.63485831 1798.15858138 389319 3156.60494459 3156.60494459}
2019/01/27 04:22:38 streamdata.go:15: action=StreamIngestionData, {BTC_JPY 2019-01-27T04:22:38.3641132Z 23592526 389314 389482 0.87 0.04 1664.63485831 1799.15858151 389319 3156.60494459 3156.60494459}
2019/01/27 04:22:38 streamdata.go:15: action=StreamIngestionData, {BTC_JPY 2019-01-27T04:22:38.4734901Z 23592529 389314 389484 0.87 0.5 1664.63485831 1798.80858151 389319 3156.60494459 3156.60494459}
2019/01/27 04:22:38 streamdata.go:15: action=StreamIngestionData, {BTC_JPY 2019-01-27T04:22:38.5984953Z 23592530 389314 389484 0.87 0.5 1664.63485831 1798.71858151 389319 3156.60494459 3156.60494459}
2019/01/27 04:22:38 streamdata.go:15: action=StreamIngestionData, {BTC_JPY 2019-01-27T04:22:38.62979Z 23592533 389314 389483 0.87 0.24 1664.63485831 1798.95858151 389319 3156.60494459 3156.60494459}
2019/01/27 04:22:39 streamdata.go:15: action=StreamIngestionData, {BTC_JPY 2019-01-27T04:22:38.9422269Z 23592534 389314 389483 0.87 0.24 1664.39785831 1798.95858151 389319 3156.30494459 3156.30494459}
2019/01/27 04:22:39 streamdata.go:15: action=StreamIngestionData, {BTC_JPY 2019-01-27T04:22:39.4109787Z 23592535 389314 389483 0.87 0.24 1664.39785831 1798.72158151 389319 3156.30494459 3156.30494459}
2019/01/27 04:22:39 streamdata.go:15: action=StreamIngestionData, {BTC_JPY 2019-01-27T04:22:39.6297322Z 23592537 389314 389483 0.87 0.13 1655.97485831 1798.61158151 389319 3156.30494459 3156.30494459}
2019/01/27 04:22:39 streamdata.go:15: action=StreamIngestionData, {BTC_JPY 2019-01-27T04:22:39.7703697Z 23592538 389314 389483 0.87 0.04 1655.97485831 1798.52158151 389319 3156.30494459 3156.30494459}
2019/01/27 04:22:39 streamdata.go:15: action=StreamIngestionData, {BTC_JPY 2019-01-27T04:22:39.8484889Z 23592541 389314 389482 0.87 0.09 1664.39885831 1798.72158151 389319 3156.30494459 3156.30494459}
2019/01/27 04:22:40 streamdata.go:15: action=StreamIngestionData, {BTC_JPY 2019-01-27T04:22:39.9266568Z 23592546 389314 389482 0.87 0.09 1664.43585829 1798.72158151 389319 3156.30494459 3156.30494459}
2019/01/27 04:22:40 streamdata.go:15: action=StreamIngestionData, {BTC_JPY 2019-01-27T04:22:40.0203995Z 23592549 389314 389482 0.87 0.09 1664.43585829 1780.33658151 389319 3156.30494459 3156.30494459}
2019/01/27 04:22:40 streamdata.go:15: action=StreamIngestionData, {BTC_JPY 2019-01-27T04:22:40.1609914Z 23592550 389314 389482 0.87 0.09 1664.43585829 1780.57358151 389319 3156.30494459 3156.30494459}
2019/01/27 04:22:40 streamdata.go:15: action=StreamIngestionData, {BTC_JPY 2019-01-27T04:22:40.2703827Z 23592551 389314 389482 0.87 0.09 1664.43585829 1791.68658151 389319 3156.30494459 3156.30494459}
2019/01/27 04:22:40 streamdata.go:15: action=StreamIngestionData, {BTC_JPY 2019-01-27T04:22:40.3953868Z 23592552 389314 389482 0.87 0.09 1664.43585829 1797.11558151 389319 3156.29494459 3156.29494459}
2019/01/27 04:22:40 streamdata.go:15: action=StreamIngestionData, {BTC_JPY 2019-01-27T04:22:40.5204092Z 23592553 389314 389482 0.87 0.09 1664.43585829 1803.53558151 389319 3156.29494459 3156.29494459}
2019/01/27 04:22:40 streamdata.go:15: action=StreamIngestionData, {BTC_JPY 2019-01-27T04:22:40.6609847Z 23592556 389314 389482 0.87 0.09 1664.43585829 1802.31358151 389319 3156.29494459 3156.29494459}
2019/01/27 04:22:40 streamdata.go:15: action=StreamIngestionData, {BTC_JPY 2019-01-27T04:22:40.7859963Z 23592559 389314 389483 0.87 0.04 1664.43585829 1801.08058151 389319 3156.29494459 3156.29494459}
2019/01/27 04:22:40 streamdata.go:15: action=StreamIngestionData, {BTC_JPY 2019-01-27T04:22:40.8016117Z 23592560 389314 389483 0.87 0.15 1664.43585829 1801.19058151 389319 3156.29494459 3156.29494459}
2019/01/27 04:22:41 streamdata.go:15: action=StreamIngestionData, {BTC_JPY 2019-01-27T04:22:40.9422721Z 23592565 389314 389483 0.87 0.24 1664.63585831 1809.16558151 389319 3156.29494459 3156.29494459}
2019/01/27 04:22:41 streamdata.go:15: action=StreamIngestionData, {BTC_JPY 2019-01-27T04:22:41.1454067Z 23592566 389314 389483 0.87 0.24 1664.63585831 1811.14658151 389319 3156.29494459 3156.29494459}
2019/01/27 04:22:41 streamdata.go:15: action=StreamIngestionData, {BTC_JPY 2019-01-27T04:22:41.2703829Z 23592568 389314 389483 0.87 0.2 1656.21185831 1811.10658151 389319 3156.29494459 3156.29494459}
2019/01/27 04:22:41 streamdata.go:15: action=StreamIngestionData, {BTC_JPY 2019-01-27T04:22:41.2868432Z 23592570 389314 389482 0.87 0.04 1664.61785831 1811.14658151 389319 3156.29494459 3156.29494459}
2019/01/27 04:22:42 streamdata.go:15: action=StreamIngestionData, {BTC_JPY 2019-01-27T04:22:41.8328804Z 23592571 389314 389482 0.87 0.04 1664.61785831 1811.03658151 389319 3154.79494433 3154.79494433}
2019/01/27 04:22:42 streamdata.go:15: action=StreamIngestionData, {BTC_JPY 2019-01-27T04:22:41.9735089Z 23592575 389314 389482 0.87 0.15 1664.41785829 1811.05658151 389319 3154.2949442 3154.2949442}
2019/01/27 04:22:42 streamdata.go:15: action=StreamIngestionData, {BTC_JPY 2019-01-27T04:22:42.0985161Z 23592576 389314 389482 0.87 0.24 1664.41785829 1811.14658151 389319 3154.2949442 3154.2949442}
2019/01/27 04:22:42 streamdata.go:15: action=StreamIngestionData, {BTC_JPY 2019-01-27T04:22:42.207898Z 23592579 389314 389482 0.47 0.24 1663.51785829 1810.64658151 389314 3154.6949442 3154.6949442}
2019/01/27 04:22:42 streamdata.go:15: action=StreamIngestionData, {BTC_JPY 2019-01-27T04:22:42.3485065Z 23592580 389314 389482 0.47 0.24 1663.31785829 1810.64658151 389314 3154.6949442 3154.6949442}
2019/01/27 04:22:42 streamdata.go:15: action=StreamIngestionData, {BTC_JPY 2019-01-27T04:22:42.4735207Z 23592581 389314 389482 0.47 0.24 1666.14985829 1810.64658151 389314 3154.6949442 3154.6949442}
2019/01/27 04:22:42 streamdata.go:15: action=StreamIngestionData, {BTC_JPY 2019-01-27T04:22:42.6141459Z 23592584 389314 389482 0.47 0.2 1668.16985829 1810.64658151 389314 3154.6949442 3154.6949442}
2019/01/27 04:22:42 streamdata.go:15: action=StreamIngestionData, {BTC_JPY 2019-01-27T04:22:42.7235457Z 23592586 389314 389482 0.47 0.2 1669.87185816 1810.64658151 389314 3154.6949442 3154.6949442}
2019/01/27 04:22:42 streamdata.go:15: action=StreamIngestionData, {BTC_JPY 2019-01-27T04:22:42.8641398Z 23592590 389314 389482 0.47 0.2 1680.53485816 1802.23158151 389314 3154.6949442 3154.6949442}
2019/01/27 04:22:43 streamdata.go:15: action=StreamIngestionData, {BTC_JPY 2019-01-27T04:22:42.9892021Z 23592593 389314 389482 0.47 0.09 1680.63485817 1810.52658151 389314 3154.6949442 3154.6949442}
2019/01/27 04:22:43 streamdata.go:15: action=StreamIngestionData, {BTC_JPY 2019-01-27T04:22:43.0985282Z 23592595 389314 389482 0.47 0.09 1673.83985817 1810.52658151 389314 3154.6949442 3154.6949442}
2019/01/27 04:22:43 streamdata.go:15: action=StreamIngestionData, {BTC_JPY 2019-01-27T04:22:43.1297741Z 23592599 389314 389488 0.47 0.11 1674.43985831 1810.54658151 389314 3154.6949442 3154.6949442}
2019/01/27 04:22:43 streamdata.go:15: action=StreamIngestionData, {BTC_JPY 2019-01-27T04:22:43.2391797Z 23592604 389314 389488 0.47 0.2 1665.46285831 1810.63658151 389314 3154.6949442 3154.6949442}
2019/01/27 04:22:43 streamdata.go:15: action=StreamIngestionData, {BTC_JPY 2019-01-27T04:22:43.4579266Z 23592605 389314 389488 0.47 0.2 1671.93885831 1810.63658151 389314 3154.6949442 3154.6949442}
2019/01/27 04:22:43 streamdata.go:15: action=StreamIngestionData, {BTC_JPY 2019-01-27T04:22:43.5829146Z 23592607 389314 389488 0.47 0.2 1667.63685831 1810.63658151 389314 3154.6949442 3154.6949442}
2019/01/27 04:22:43 streamdata.go:15: action=StreamIngestionData, {BTC_JPY 2019-01-27T04:22:43.7079299Z 23592608 389314 389488 0.47 0.2 1677.29485831 1810.63658151 389314 3154.6949442 3154.6949442}
2019/01/27 04:22:43 streamdata.go:15: action=StreamIngestionData, {BTC_JPY 2019-01-27T04:22:43.8329339Z 23592611 389314 389488 0.47 0.2 1665.23585831 1810.39958151 389314 3154.6949442 3154.6949442}
2019/01/27 04:22:44 streamdata.go:15: action=StreamIngestionData, {BTC_JPY 2019-01-27T04:22:44.0985321Z 23592612 389314 389488 0.47 0.2 1665.23585831 1810.59958151 389314 3154.3949442 3154.3949442}
2019/01/27 04:22:44 streamdata.go:15: action=StreamIngestionData, {BTC_JPY 2019-01-27T04:22:44.2079207Z 23592618 389314 389488 0.47 0.09 1665.40385831 1810.98958151 389314 3154.3949442 3154.3949442}
2019/01/27 04:22:44 streamdata.go:15: action=StreamIngestionData, {BTC_JPY 2019-01-27T04:22:44.3329406Z 23592620 389314 389488 0.47 0.2 1662.60485831 1811.09958151 389314 3154.3949442 3154.3949442}
2019/01/27 04:22:44 streamdata.go:15: action=StreamIngestionData, {BTC_JPY 2019-01-27T04:22:44.3642283Z 23592622 389314 389488 0.47 0.2 1654.42985831 1811.09958151 389314 3154.3949442 3154.3949442}
2019/01/27 04:22:44 streamdata.go:15: action=StreamIngestionData, {BTC_JPY 2019-01-27T04:22:44.5048018Z 23592625 389314 389488 0.47 0.2 1662.84085831 1811.11658151 389314 3154.3949442 3154.3949442}
2019/01/27 04:22:44 streamdata.go:15: action=StreamIngestionData, {BTC_JPY 2019-01-27T04:22:44.7079851Z 23592626 389314 389488 0.47 0.2 1662.84085831 1811.35758151 389314 3154.3949442 3154.3949442}
2019/01/27 04:22:44 streamdata.go:15: action=StreamIngestionData, {BTC_JPY 2019-01-27T04:22:44.817301Z 23592627 389314 389488 0.47 0.2 1654.42985831 1811.35758151 389314 3154.3949442 3154.3949442}
2019/02/02 04:58:21 bitflyer.go:211: connecting to wss://ws.lightstream.bitflyer.com/json-rpc
2019/02/02 04:58:22 streamdata.go:15: action=StreamIngestionData, {BTC_JPY 2019-02-02T04:58:22.2022969Z 2726413 374550 374787 0.8 0.06 2069.447433 1630.60640823 374786 2996.04133387 2996.04133387}
2019/02/02 04:58:22 streamdata.go:15: action=StreamIngestionData, {BTC_JPY 2019-02-02T04:58:22.6710961Z 2726414 374544 374787 0.4119 0.06 2068.647433 1630.60640823 374786 2996.04133387 2996.04133387}
2019/02/02 04:58:22 streamdata.go:15: action=StreamIngestionData, {BTC_JPY 2019-02-02T04:58:22.8273116Z 2726418 374551 374787 0.8 0.06 2068.835533 1630.34450823 374786 2996.04133387 2996.04133387}
2019/02/02 04:58:23 streamdata.go:15: action=StreamIngestionData, {BTC_JPY 2019-02-02T04:58:22.8429559Z 2726421 374551 374787 0.8 0.06 2069.247433 1630.40640823 374786 2996.04133387 2996.04133387}
2019/02/02 04:58:23 streamdata.go:15: action=StreamIngestionData, {BTC_JPY 2019-02-02T04:58:23.0617147Z 2726422 374551 374787 0.8 0.06 2068.74743287 1630.40640823 374786 2996.04133387 2996.04133387}
2019/02/02 04:58:23 streamdata.go:15: action=StreamIngestionData, {BTC_JPY 2019-02-02T04:58:23.1086208Z 2726426 374551 374787 0.8 0.06 2069.14743291 1630.40640823 374786 2996.04133387 2996.04133387}
2019/02/02 04:58:23 streamdata.go:15: action=StreamIngestionData, {BTC_JPY 2019-02-02T04:58:23.3116865Z 2726427 374545 374787 0.4119 0.06 2068.34743291 1630.40640823 374786 2996.04133387 2996.04133387}
2019/02/02 04:58:23 streamdata.go:15: action=StreamIngestionData, {BTC_JPY 2019-02-02T04:58:23.3429778Z 2726429 374552 374787 0.8 0.06 2069.64743304 1630.40640823 374786 2996.04133387 2996.04133387}
2019/02/02 04:58:23 streamdata.go:15: action=StreamIngestionData, {BTC_JPY 2019-02-02T04:58:23.4366931Z 2726431 374552 374787 0.8 0.06 2069.64743304 1635.44040823 374786 2996.04133387 2996.04133387}
2019/02/02 04:58:23 streamdata.go:15: action=StreamIngestionData, {BTC_JPY 2019-02-02T04:58:23.5773337Z 2726433 374552 374787 0.8 0.06 2074.84743304 1630.59540823 374786 2996.04133387 2996.04133387}
2019/02/02 04:58:23 streamdata.go:15: action=StreamIngestionData, {BTC_JPY 2019-02-02T04:58:23.7023212Z 2726437 374552 374787 0.8 0.06 2075.34743304 1632.60240823 374786 2996.04133387 2996.04133387}
2019/02/02 04:58:23 streamdata.go:15: action=StreamIngestionData, {BTC_JPY 2019-02-02T04:58:23.8116907Z 2726438 374545 374787 0.4119 0.06 2074.54743304 1632.60240823 374786 2996.04133387 2996.04133387}
2019/02/02 04:58:24 streamdata.go:15: action=StreamIngestionData, {BTC_JPY 2019-02-02T04:58:23.9367181Z 2726440 374553 374787 0.8 0.06 2075.34743304 1635.20040823 374786 2996.04133387 2996.04133387}
2019/02/02 04:58:24 streamdata.go:15: action=StreamIngestionData, {BTC_JPY 2019-02-02T04:58:24.0617186Z 2726441 374553 374787 0.8 0.06 2075.34743304 1635.05040823 374786 2996.04133387 2996.04133387}
2019/02/02 04:58:24 streamdata.go:15: action=StreamIngestionData, {BTC_JPY 2019-02-02T04:58:24.1866992Z 2726442 374553 374787 0.8 0.06 2075.34743304 1634.90040823 374786 2996.04133387 2996.04133387}
2019/02/02 04:58:24 streamdata.go:15: action=StreamIngestionData, {BTC_JPY 2019-02-02T04:58:24.2023218Z 2726444 374553 374787 0.8 0.06 2075.54743304 1635.10040823 374786 2996.04133387 2996.04133387}
2019/02/02 04:58:24 streamdata.go:15: action=StreamIngestionData, {BTC_JPY 2019-02-02T04:58:24.4367144Z 2726447 374553 374787 0.8 0.06 2063.70143291 1635.10040823 374786 2996.04133387 2996.04133387}
2019/02/02 04:58:24 streamdata.go:15: action=StreamIngestionData, {BTC_JPY 2019-02-02T04:58:24.4523421Z 2726450 374545 374787 0.4119 0.06 2061.76143291 1635.10040823 374786 2996.04133387 2996.04133387}
2019/02/02 04:58:24 streamdata.go:15: action=StreamIngestionData, {BTC_JPY 2019-02-02T04:58:24.6085965Z 2726455 374554 374787 1.2119 0.06 2062.56143291 1635.10040823 374786 2996.04133387 2996.04133387}
2019/02/02 04:58:24 streamdata.go:15: action=StreamIngestionData, {BTC_JPY 2019-02-02T04:58:24.7179865Z 2726458 374554 374787 1.2119 0.06 2084.42243304 1635.10040823 374786 2996.04133387 2996.04133387}
2019/02/02 04:58:25 streamdata.go:15: action=StreamIngestionData, {BTC_JPY 2019-02-02T04:58:24.952363Z 2726460 374554 374787 1.2119 0.06 2098.62143304 1634.99840823 374786 2996.04133387 2996.04133387}
2019/02/02 04:58:25 streamdata.go:15: action=StreamIngestionData, {BTC_JPY 2019-02-02T04:58:25.0616896Z 2726463 374554 374787 0.4119 0.06 2097.38443304 1634.99840823 374786 2996.04133387 2996.04133387}
2019/02/02 04:58:25 streamdata.go:15: action=StreamIngestionData, {BTC_JPY 2019-02-02T04:58:25.0929884Z 2726465 374555 374787 0.8 0.06 2096.15143304 1634.99840823 374786 2996.04133387 2996.04133387}
2019/02/02 04:58:25 streamdata.go:15: action=StreamIngestionData, {BTC_JPY 2019-02-02T04:58:25.4523829Z 2726466 374555 374787 0.8 0.06 2096.15143304 1635.10040823 374786 2996.04133387 2996.04133387}
2019/02/02 04:58:25 streamdata.go:15: action=StreamIngestionData, {BTC_JPY 2019-02-02T04:58:25.5617074Z 2726467 374555 374787 0.8 0.06 2090.95143304 1635.10040823 374786 2996.04133387 2996.04133387}
2019/02/02 04:58:25 streamdata.go:15: action=StreamIngestionData, {BTC_JPY 2019-02-02T04:58:25.7023697Z 2726468 374555 374787 0.8 0.06 2096.15143304 1635.10040823 374786 2996.04133387 2996.04133387}
2019/02/02 04:58:26 streamdata.go:15: action=StreamIngestionData, {BTC_JPY 2019-02-02T04:58:26.0617312Z 2726470 374555 374787 0.8 0.06 2096.15143304 1635.10040823 374786 2996.04133387 2996.04133387}
2019/02/02 04:58:26 streamdata.go:15: action=StreamIngestionData, {BTC_JPY 2019-02-02T04:58:26.1710949Z 2726471 374555 374787 0.8 0.06 2096.15143304 1635.25040823 374786 2996.04133387 2996.04133387}
2019/02/02 04:58:26 streamdata.go:15: action=StreamIngestionData, {BTC_JPY 2019-02-02T04:58:26.2960923Z 2726473 374555 374787 0.8 0.06 2095.73953304 1634.98850823 374786 2996.04133387 2996.04133387}
2019/02/02 04:58:26 streamdata.go:15: action=StreamIngestionData, {BTC_JPY 2019-02-02T04:58:26.3117716Z 2726475 374555 374787 1.2119 0.06 2096.15143304 1635.25040823 374786 2996.04133387 2996.04133387}
2019/02/02 04:58:26 streamdata.go:15: action=StreamIngestionData, {BTC_JPY 2019-02-02T04:58:26.5461118Z 2726476 374555 374787 1.2119 0.06 2096.15143304 1635.40040823 374786 2996.04133387 2996.04133387}
2019/02/02 04:58:26 streamdata.go:15: action=StreamIngestionData, {BTC_JPY 2019-02-02T04:58:26.655479Z 2726477 374555 374787 0.4119 0.06 2095.35143304 1635.40040823 374786 2996.04133387 2996.04133387}
2019/02/02 05:00:16 bitflyer.go:211: connecting to wss://ws.lightstream.bitflyer.com/json-rpc
2019/02/02 05:00:17 streamdata.go:15: action=StreamIngestionData, {BTC_JPY 2019-02-02T05:00:16.9582651Z 2727513 374544 374895 0.59381274 0.2606 2059.45886222 1654.76529549 374896 2994.9335167 2994.9335167}
2019/02/02 05:00:17 streamdata.go:15: action=StreamIngestionData, {BTC_JPY 2019-02-02T05:00:17.4739056Z 2727519 374545 374895 0.59381274 0.2606 2109.98486222 1654.76529549 374896 2994.9235167 2994.9235167}
2019/02/02 05:00:17 streamdata.go:15: action=StreamIngestionData, {BTC_JPY 2019-02-02T05:00:17.5833254Z 2727520 374545 374895 0.59381274 0.2606 2118.53386222 1654.76529549 374896 2994.9235167 2994.9235167}
2019/02/02 05:00:17 streamdata.go:15: action=StreamIngestionData, {BTC_JPY 2019-02-02T05:00:17.6926488Z 2727522 374545 374895 0.59381274 0.2606 2117.32186222 1654.76529549 374896 2994.9235167 2994.9235167}
2019/02/02 05:00:17 streamdata.go:15: action=StreamIngestionData, {BTC_JPY 2019-02-02T05:00:17.817625Z 2727524 374545 374895 0.59381274 0.2606 2107.55286222 1650.76529549 374896 2994.9235167 2994.9235167}
2019/02/02 05:00:18 streamdata.go:15: action=StreamIngestionData, {BTC_JPY 2019-02-02T05:00:18.0520334Z 2727527 374538 374895 0.4505 0.2606 2106.95904948 1647.76529523 374896 2994.9235167 2994.9235167}
2019/02/02 05:00:18 streamdata.go:15: action=StreamIngestionData, {BTC_JPY 2019-02-02T05:00:18.1770254Z 2727529 374546 374895 0.59381274 0.2606 2106.55286209 1647.76529523 374896 2994.9235167 2994.9235167}
2019/02/02 05:00:18 streamdata.go:15: action=StreamIngestionData, {BTC_JPY 2019-02-02T05:00:18.1926584Z 2727530 374546 374895 0.59381274 0.2606 2106.55286209 1649.76529536 374896 2994.9235167 2994.9235167}
2019/02/02 05:00:18 streamdata.go:15: action=StreamIngestionData, {BTC_JPY 2019-02-02T05:00:18.3176223Z 2727534 374546 374895 0.59381274 0.2606 2106.55286209 1641.23529549 374896 2994.9235167 2994.9235167}
2019/02/02 05:00:18 streamdata.go:15: action=StreamIngestionData, {BTC_JPY 2019-02-02T05:00:18.4426264Z 2727535 374546 374895 0.59381274 0.2606 2107.55286222 1641.23529549 374896 2994.9235167 2994.9235167}
2019/02/02 05:00:18 streamdata.go:15: action=StreamIngestionData, {BTC_JPY 2019-02-02T05:00:18.7864172Z 2727536 374546 374895 0.59381274 0.2606 2107.55286222 1641.13329549 374896 2994.9235167 2994.9235167}
2019/02/02 05:00:18 streamdata.go:15: action=StreamIngestionData, {BTC_JPY 2019-02-02T05:00:18.9114127Z 2727537 374546 374858 0.59381274 1.3 2107.55286222 1642.43329549 374896 2994.9235167 2994.9235167}
2019/02/02 05:00:19 streamdata.go:15: action=StreamIngestionData, {BTC_JPY 2019-02-02T05:00:18.927023Z 2727538 374546 374858 0.59381274 1.3 2107.55286222 1642.73326549 374896 2994.9235167 2994.9235167}
2019/02/02 05:00:19 streamdata.go:15: action=StreamIngestionData, {BTC_JPY 2019-02-02T05:00:19.1457611Z 2727539 374546 374858 0.59381274 1.3 2107.55286222 1642.23326536 374896 2994.9235167 2994.9235167}
2019/02/02 05:00:29 bitflyer.go:211: connecting to wss://ws.lightstream.bitflyer.com/json-rpc
2019/02/02 05:00:29 streamdata.go:15: action=StreamIngestionData, {BTC_JPY 2019-02-02T05:00:29.598977Z 2727645 374556 374818 0.59381274 2.12 2106.71386222 1650.97629451 374855 2994.75305325 2994.75305325}
2019/02/02 05:00:29 streamdata.go:15: action=StreamIngestionData, {BTC_JPY 2019-02-02T05:00:29.7239568Z 2727646 374556 374818 0.59381274 2.12 2098.16486222 1650.97629451 374855 2994.75305325 2994.75305325}
2019/02/02 05:00:30 streamdata.go:15: action=StreamIngestionData, {BTC_JPY 2019-02-02T05:00:29.9739905Z 2727650 374556 374818 0.59381274 2.12 2098.16486222 1647.27010686 374855 2994.75305325 2994.75305325}
2019/02/02 05:00:30 streamdata.go:15: action=StreamIngestionData, {BTC_JPY 2019-02-02T05:00:30.1146066Z 2727651 374556 374817 0.59381274 0.20618726 2098.16486222 1647.47629412 374855 2994.75305325 2994.75305325}
2019/02/02 05:00:30 streamdata.go:15: action=StreamIngestionData, {BTC_JPY 2019-02-02T05:00:30.2552118Z 2727654 374556 374817 0.59381274 3.70618765 2098.16486222 1650.97629451 374855 2994.75305325 2994.75305325}
2019/02/02 05:00:30 streamdata.go:15: action=StreamIngestionData, {BTC_JPY 2019-02-02T05:00:30.3489533Z 2727655 374556 374817 0.59381274 3.70618765 2098.16486222 1650.87429451 374855 2994.75305325 2994.75305325}
2019/02/02 05:00:30 streamdata.go:15: action=StreamIngestionData, {BTC_JPY 2019-02-02T05:00:30.5833573Z 2727656 374556 374817 0.59381274 3.70618765 2097.72936222 1650.87429451 374855 2994.75305325 2994.75305325}
2019/02/02 05:00:30 streamdata.go:15: action=StreamIngestionData, {BTC_JPY 2019-02-02T05:00:30.7083734Z 2727661 374557 374816 0.4355 0.20618726 2098.16486222 1650.89419549 374855 2994.75305325 2994.75305325}
2019/02/02 05:09:49 bitflyer.go:211: connecting to wss://ws.lightstream.bitflyer.com/json-rpc
2019/02/02 05:09:50 streamdata.go:15: action=StreamIngestionData, {BTC_JPY 2019-02-02T05:09:50.0121697Z 2734858 373810 374075 0.001 0.02 2081.53528326 1657.51020823 373926 2975.55212815 2975.55212815}
2019/02/02 05:11:40 bitflyer.go:211: connecting to wss://ws.lightstream.bitflyer.com/json-rpc
2019/02/02 05:11:40 streamdata.go:15: action=StreamIngestionData, {BTC_JPY 2019-02-02T05:11:40.754813Z 2736257 374000 374178 0.46209466 0.1 2126.37168177 1654.29640823 374181 2977.24552218 2977.24552218}
